{"/Users/ryanstankowitz/CodeSmith/cache-app/client/components/Footer.jsx": {"path":"/Users/ryanstankowitz/CodeSmith/cache-app/client/components/Footer.jsx","statementMap":{"0":{"start":{"line":4,"column":15},"end":{"line":13,"column":1}},"1":{"start":{"line":5,"column":2},"end":{"line":12,"column":4}}},"fnMap":{"0":{"name":"(anonymous_0)","decl":{"start":{"line":4,"column":15},"end":{"line":4,"column":16}},"loc":{"start":{"line":4,"column":21},"end":{"line":13,"column":1}},"line":4}},"branchMap":{},"s":{"0":1,"1":0},"f":{"0":0},"b":{},"_coverageSchema":"1a1c01bbd47fc00a2c39e90264f33305004495a9","hash":"d678bf4773f41696b4211468831f468666734ea1"}
,"/Users/ryanstankowitz/CodeSmith/cache-app/client/components/SignupPage.jsx": {"path":"/Users/ryanstankowitz/CodeSmith/cache-app/client/components/SignupPage.jsx","statementMap":{"0":{"start":{"line":6,"column":19},"end":{"line":67,"column":1}},"1":{"start":{"line":7,"column":19},"end":{"line":7,"column":32}},"2":{"start":{"line":8,"column":22},"end":{"line":27,"column":3}},"3":{"start":{"line":9,"column":4},"end":{"line":10,"column":64}},"4":{"start":{"line":10,"column":6},"end":{"line":10,"column":64}},"5":{"start":{"line":12,"column":17},"end":{"line":12,"column":19}},"6":{"start":{"line":13,"column":4},"end":{"line":13,"column":62}},"7":{"start":{"line":14,"column":4},"end":{"line":14,"column":64}},"8":{"start":{"line":16,"column":21},"end":{"line":20,"column":6}},"9":{"start":{"line":21,"column":19},"end":{"line":21,"column":40}},"10":{"start":{"line":23,"column":4},"end":{"line":23,"column":58}},"11":{"start":{"line":23,"column":25},"end":{"line":23,"column":58}},"12":{"start":{"line":25,"column":4},"end":{"line":26,"column":75}},"13":{"start":{"line":26,"column":6},"end":{"line":26,"column":75}},"14":{"start":{"line":29,"column":2},"end":{"line":66,"column":4}}},"fnMap":{"0":{"name":"(anonymous_0)","decl":{"start":{"line":6,"column":19},"end":{"line":6,"column":20}},"loc":{"start":{"line":6,"column":25},"end":{"line":67,"column":1}},"line":6},"1":{"name":"(anonymous_1)","decl":{"start":{"line":8,"column":22},"end":{"line":8,"column":23}},"loc":{"start":{"line":8,"column":34},"end":{"line":27,"column":3}},"line":8}},"branchMap":{"0":{"loc":{"start":{"line":9,"column":4},"end":{"line":10,"column":64}},"type":"if","locations":[{"start":{"line":9,"column":4},"end":{"line":10,"column":64}},{"start":{},"end":{}}],"line":9},"1":{"loc":{"start":{"line":23,"column":4},"end":{"line":23,"column":58}},"type":"if","locations":[{"start":{"line":23,"column":4},"end":{"line":23,"column":58}},{"start":{},"end":{}}],"line":23},"2":{"loc":{"start":{"line":25,"column":4},"end":{"line":26,"column":75}},"type":"if","locations":[{"start":{"line":25,"column":4},"end":{"line":26,"column":75}},{"start":{},"end":{}}],"line":25}},"s":{"0":1,"1":0,"2":0,"3":0,"4":0,"5":0,"6":0,"7":0,"8":0,"9":0,"10":0,"11":0,"12":0,"13":0,"14":0},"f":{"0":0,"1":0},"b":{"0":[0,0],"1":[0,0],"2":[0,0]},"_coverageSchema":"1a1c01bbd47fc00a2c39e90264f33305004495a9","hash":"5d403d1a6808595c22c65ca67980e3bab3661cd9"}
,"/Users/ryanstankowitz/CodeSmith/cache-app/mocks/fileMock.js": {"path":"/Users/ryanstankowitz/CodeSmith/cache-app/mocks/fileMock.js","statementMap":{"0":{"start":{"line":1,"column":0},"end":{"line":1,"column":20}}},"fnMap":{},"branchMap":{},"s":{"0":1},"f":{},"b":{},"_coverageSchema":"1a1c01bbd47fc00a2c39e90264f33305004495a9","hash":"c998d3d56f1cbb17caf50b32815db23a4c184df8"}
}
